State 0:
          sentence ::= * expr
      (1) sentence ::= *
          expr ::= * relation_test
          expr ::= * logical_test
          logical_test ::= * expr TEST_AND expr
          logical_test ::= * expr TEST_OR expr
          logical_test ::= * TEST_NOT expr
          logical_test ::= * entity
          entity ::= * FIELD
          entity ::= * STRING
          entity ::= * UNPARSED
          entity ::= * range
          range_body ::= * FIELD
          range_body ::= * STRING
          range_body ::= * range
          range ::= * range_body LBRACKET drnode_list RBRACKET
          relation_test ::= * entity rel_op2 entity
          relation_test ::= * entity rel_op2 relation_test
          entity ::= * FUNCTION LPAREN funcparams RPAREN
          entity ::= * FUNCTION LPAREN RPAREN
          expr ::= * LPAREN expr RPAREN

                             $ reduce 1
                      TEST_NOT shift  3
                         FIELD shift  18
                        STRING shift  19
                      UNPARSED shift  30
                      FUNCTION shift  25
                        LPAREN shift  4
                      sentence accept
                          expr shift  12
                        entity shift  9
                 relation_test shift  26
                  logical_test shift  27
                         range shift  20
                    range_body shift  21

State 1:
          expr ::= * relation_test
          expr ::= * logical_test
          logical_test ::= * expr TEST_AND expr
          logical_test ::= expr TEST_AND * expr
          logical_test ::= * expr TEST_OR expr
          logical_test ::= * TEST_NOT expr
          logical_test ::= * entity
          entity ::= * FIELD
          entity ::= * STRING
          entity ::= * UNPARSED
          entity ::= * range
          range_body ::= * FIELD
          range_body ::= * STRING
          range_body ::= * range
          range ::= * range_body LBRACKET drnode_list RBRACKET
          relation_test ::= * entity rel_op2 entity
          relation_test ::= * entity rel_op2 relation_test
          entity ::= * FUNCTION LPAREN funcparams RPAREN
          entity ::= * FUNCTION LPAREN RPAREN
          expr ::= * LPAREN expr RPAREN

                      TEST_NOT shift  3
                         FIELD shift  18
                        STRING shift  19
                      UNPARSED shift  30
                      FUNCTION shift  25
                        LPAREN shift  4
                          expr shift  17
                        entity shift  9
                 relation_test shift  26
                  logical_test shift  27
                         range shift  20
                    range_body shift  21

State 2:
          expr ::= * relation_test
          expr ::= * logical_test
          logical_test ::= * expr TEST_AND expr
          logical_test ::= * expr TEST_OR expr
          logical_test ::= expr TEST_OR * expr
          logical_test ::= * TEST_NOT expr
          logical_test ::= * entity
          entity ::= * FIELD
          entity ::= * STRING
          entity ::= * UNPARSED
          entity ::= * range
          range_body ::= * FIELD
          range_body ::= * STRING
          range_body ::= * range
          range ::= * range_body LBRACKET drnode_list RBRACKET
          relation_test ::= * entity rel_op2 entity
          relation_test ::= * entity rel_op2 relation_test
          entity ::= * FUNCTION LPAREN funcparams RPAREN
          entity ::= * FUNCTION LPAREN RPAREN
          expr ::= * LPAREN expr RPAREN

                      TEST_NOT shift  3
                         FIELD shift  18
                        STRING shift  19
                      UNPARSED shift  30
                      FUNCTION shift  25
                        LPAREN shift  4
                          expr shift  28
                        entity shift  9
                 relation_test shift  26
                  logical_test shift  27
                         range shift  20
                    range_body shift  21

State 3:
          expr ::= * relation_test
          expr ::= * logical_test
          logical_test ::= * expr TEST_AND expr
          logical_test ::= * expr TEST_OR expr
          logical_test ::= * TEST_NOT expr
          logical_test ::= TEST_NOT * expr
          logical_test ::= * entity
          entity ::= * FIELD
          entity ::= * STRING
          entity ::= * UNPARSED
          entity ::= * range
          range_body ::= * FIELD
          range_body ::= * STRING
          range_body ::= * range
          range ::= * range_body LBRACKET drnode_list RBRACKET
          relation_test ::= * entity rel_op2 entity
          relation_test ::= * entity rel_op2 relation_test
          entity ::= * FUNCTION LPAREN funcparams RPAREN
          entity ::= * FUNCTION LPAREN RPAREN
          expr ::= * LPAREN expr RPAREN

                      TEST_NOT shift  3
                         FIELD shift  18
                        STRING shift  19
                      UNPARSED shift  30
                      FUNCTION shift  25
                        LPAREN shift  4
                          expr shift  29
                        entity shift  9
                 relation_test shift  26
                  logical_test shift  27
                         range shift  20
                    range_body shift  21

State 4:
          expr ::= * relation_test
          expr ::= * logical_test
          logical_test ::= * expr TEST_AND expr
          logical_test ::= * expr TEST_OR expr
          logical_test ::= * TEST_NOT expr
          logical_test ::= * entity
          entity ::= * FIELD
          entity ::= * STRING
          entity ::= * UNPARSED
          entity ::= * range
          range_body ::= * FIELD
          range_body ::= * STRING
          range_body ::= * range
          range ::= * range_body LBRACKET drnode_list RBRACKET
          relation_test ::= * entity rel_op2 entity
          relation_test ::= * entity rel_op2 relation_test
          entity ::= * FUNCTION LPAREN funcparams RPAREN
          entity ::= * FUNCTION LPAREN RPAREN
          expr ::= * LPAREN expr RPAREN
          expr ::= LPAREN * expr RPAREN

                      TEST_NOT shift  3
                         FIELD shift  18
                        STRING shift  19
                      UNPARSED shift  30
                      FUNCTION shift  25
                        LPAREN shift  4
                          expr shift  13
                        entity shift  9
                 relation_test shift  26
                  logical_test shift  27
                         range shift  20
                    range_body shift  21

State 5:
          entity ::= * FIELD
          entity ::= * STRING
          entity ::= * UNPARSED
          entity ::= * range
          range_body ::= * FIELD
          range_body ::= * STRING
          range_body ::= * range
          range ::= * range_body LBRACKET drnode_list RBRACKET
          entity ::= * FUNCTION LPAREN funcparams RPAREN
          entity ::= FUNCTION LPAREN * funcparams RPAREN
          entity ::= * FUNCTION LPAREN RPAREN
          entity ::= FUNCTION LPAREN * RPAREN
          funcparams ::= * entity
          funcparams ::= * funcparams COMMA entity

                         FIELD shift  18
                        STRING shift  19
                      UNPARSED shift  30
                      FUNCTION shift  25
                        RPAREN shift  49
                        entity shift  50
                         range shift  20
                    funcparams shift  16
                    range_body shift  21

State 6:
          entity ::= * FIELD
          entity ::= * STRING
          entity ::= * UNPARSED
          entity ::= * range
          range_body ::= * FIELD
          range_body ::= * STRING
          range_body ::= * range
          range ::= * range_body LBRACKET drnode_list RBRACKET
          relation_test ::= * entity rel_op2 entity
          relation_test ::= entity rel_op2 * entity
          relation_test ::= * entity rel_op2 relation_test
          relation_test ::= entity rel_op2 * relation_test
          entity ::= * FUNCTION LPAREN funcparams RPAREN
          entity ::= * FUNCTION LPAREN RPAREN

                         FIELD shift  18
                        STRING shift  19
                      UNPARSED shift  30
                      FUNCTION shift  25
                        entity shift  10
                 relation_test shift  46
                         range shift  20
                    range_body shift  21

State 7:
          entity ::= * FIELD
          entity ::= * STRING
          entity ::= * UNPARSED
          entity ::= * range
          range_body ::= * FIELD
          range_body ::= * STRING
          range_body ::= * range
          range ::= * range_body LBRACKET drnode_list RBRACKET
          entity ::= * FUNCTION LPAREN funcparams RPAREN
          entity ::= * FUNCTION LPAREN RPAREN
          funcparams ::= funcparams COMMA * entity

                         FIELD shift  18
                        STRING shift  19
                      UNPARSED shift  30
                      FUNCTION shift  25
                        entity shift  48
                         range shift  20
                    range_body shift  21

State 8:
          range ::= range_body LBRACKET * drnode_list RBRACKET
          drnode_list ::= * drnode
          drnode_list ::= * drnode_list COMMA drnode
          drnode ::= * INTEGER COLON INTEGER
          drnode ::= * INTEGER HYPHEN INTEGER
          drnode ::= * COLON INTEGER
          drnode ::= * INTEGER COLON
          drnode ::= * INTEGER

                       INTEGER shift  15
                         COLON shift  24
                        drnode shift  36
                   drnode_list shift  14

State 9:
      (7) logical_test ::= entity *
          relation_test ::= entity * rel_op2 entity
          relation_test ::= entity * rel_op2 relation_test
          rel_op2 ::= * TEST_EQ
          rel_op2 ::= * TEST_NE
          rel_op2 ::= * TEST_GT
          rel_op2 ::= * TEST_GE
          rel_op2 ::= * TEST_LT
          rel_op2 ::= * TEST_LE
          rel_op2 ::= * TEST_BITWISE_AND
          rel_op2 ::= * TEST_CONTAINS
          rel_op2 ::= * TEST_MATCHES

                       TEST_EQ shift  37
                       TEST_NE shift  38
                       TEST_LT shift  41
                       TEST_LE shift  42
                       TEST_GT shift  39
                       TEST_GE shift  40
                 TEST_CONTAINS shift  44
                  TEST_MATCHES shift  45
              TEST_BITWISE_AND shift  43
                       rel_op2 shift  6
                     {default} reduce 7

State 10:
          relation_test ::= entity * rel_op2 entity
     (23) relation_test ::= entity rel_op2 entity *
          relation_test ::= entity * rel_op2 relation_test
          rel_op2 ::= * TEST_EQ
          rel_op2 ::= * TEST_NE
          rel_op2 ::= * TEST_GT
          rel_op2 ::= * TEST_GE
          rel_op2 ::= * TEST_LT
          rel_op2 ::= * TEST_LE
          rel_op2 ::= * TEST_BITWISE_AND
          rel_op2 ::= * TEST_CONTAINS
          rel_op2 ::= * TEST_MATCHES

                       TEST_EQ shift  37
                       TEST_NE shift  38
                       TEST_LT shift  41
                       TEST_LE shift  42
                       TEST_GT shift  39
                       TEST_GE shift  40
                 TEST_CONTAINS shift  44
                  TEST_MATCHES shift  45
              TEST_BITWISE_AND shift  43
                       rel_op2 shift  6
                     {default} reduce 23

State 11:
          drnode_list ::= drnode_list COMMA * drnode
          drnode ::= * INTEGER COLON INTEGER
          drnode ::= * INTEGER HYPHEN INTEGER
          drnode ::= * COLON INTEGER
          drnode ::= * INTEGER COLON
          drnode ::= * INTEGER

                       INTEGER shift  15
                         COLON shift  24
                        drnode shift  32

State 12:
      (0) sentence ::= expr *
          logical_test ::= expr * TEST_AND expr
          logical_test ::= expr * TEST_OR expr

                             $ reduce 0
                      TEST_AND shift  1
                       TEST_OR shift  2

State 13:
          logical_test ::= expr * TEST_AND expr
          logical_test ::= expr * TEST_OR expr
          expr ::= LPAREN expr * RPAREN

                      TEST_AND shift  1
                       TEST_OR shift  2
                        RPAREN shift  51

State 14:
          range ::= range_body LBRACKET drnode_list * RBRACKET
          drnode_list ::= drnode_list * COMMA drnode

                      RBRACKET shift  31
                         COMMA shift  11

State 15:
          drnode ::= INTEGER * COLON INTEGER
          drnode ::= INTEGER * HYPHEN INTEGER
          drnode ::= INTEGER * COLON
     (22) drnode ::= INTEGER *

                         COLON shift  22
                        HYPHEN shift  23
                     {default} reduce 22

State 16:
          entity ::= FUNCTION LPAREN funcparams * RPAREN
          funcparams ::= funcparams * COMMA entity

                         COMMA shift  7
                        RPAREN shift  47

State 17:
          logical_test ::= expr * TEST_AND expr
      (4) logical_test ::= expr TEST_AND expr *
          logical_test ::= expr * TEST_OR expr

                       TEST_OR shift  2
                     {default} reduce 4

State 18:
      (8) entity ::= FIELD *
     (12) range_body ::= FIELD *

                      LBRACKET reduce 12
                     {default} reduce 8

State 19:
      (9) entity ::= STRING *
     (13) range_body ::= STRING *

                      LBRACKET reduce 13
                     {default} reduce 9

State 20:
     (11) entity ::= range *
     (14) range_body ::= range *

                      LBRACKET reduce 14
                     {default} reduce 11

State 21:
          range ::= range_body * LBRACKET drnode_list RBRACKET

                      LBRACKET shift  8

State 22:
          drnode ::= INTEGER COLON * INTEGER
     (21) drnode ::= INTEGER COLON *

                       INTEGER shift  33
                     {default} reduce 21

State 23:
          drnode ::= INTEGER HYPHEN * INTEGER

                       INTEGER shift  34

State 24:
          drnode ::= COLON * INTEGER

                       INTEGER shift  35

State 25:
          entity ::= FUNCTION * LPAREN funcparams RPAREN
          entity ::= FUNCTION * LPAREN RPAREN

                        LPAREN shift  5

State 26:
      (2) expr ::= relation_test *

                     {default} reduce 2

State 27:
      (3) expr ::= logical_test *

                     {default} reduce 3

State 28:
          logical_test ::= expr * TEST_AND expr
          logical_test ::= expr * TEST_OR expr
      (5) logical_test ::= expr TEST_OR expr *

                     {default} reduce 5

State 29:
          logical_test ::= expr * TEST_AND expr
          logical_test ::= expr * TEST_OR expr
      (6) logical_test ::= TEST_NOT expr *

                     {default} reduce 6

State 30:
     (10) entity ::= UNPARSED *

                     {default} reduce 10

State 31:
     (15) range ::= range_body LBRACKET drnode_list RBRACKET *

                     {default} reduce 15

State 32:
     (17) drnode_list ::= drnode_list COMMA drnode *

                     {default} reduce 17

State 33:
     (18) drnode ::= INTEGER COLON INTEGER *

                     {default} reduce 18

State 34:
     (19) drnode ::= INTEGER HYPHEN INTEGER *

                     {default} reduce 19

State 35:
     (20) drnode ::= COLON INTEGER *

                     {default} reduce 20

State 36:
     (16) drnode_list ::= drnode *

                     {default} reduce 16

State 37:
     (25) rel_op2 ::= TEST_EQ *

                     {default} reduce 25

State 38:
     (26) rel_op2 ::= TEST_NE *

                     {default} reduce 26

State 39:
     (27) rel_op2 ::= TEST_GT *

                     {default} reduce 27

State 40:
     (28) rel_op2 ::= TEST_GE *

                     {default} reduce 28

State 41:
     (29) rel_op2 ::= TEST_LT *

                     {default} reduce 29

State 42:
     (30) rel_op2 ::= TEST_LE *

                     {default} reduce 30

State 43:
     (31) rel_op2 ::= TEST_BITWISE_AND *

                     {default} reduce 31

State 44:
     (32) rel_op2 ::= TEST_CONTAINS *

                     {default} reduce 32

State 45:
     (33) rel_op2 ::= TEST_MATCHES *

                     {default} reduce 33

State 46:
     (24) relation_test ::= entity rel_op2 relation_test *

                     {default} reduce 24

State 47:
     (34) entity ::= FUNCTION LPAREN funcparams RPAREN *

                     {default} reduce 34

State 48:
     (37) funcparams ::= funcparams COMMA entity *

                     {default} reduce 37

State 49:
     (35) entity ::= FUNCTION LPAREN RPAREN *

                     {default} reduce 35

State 50:
     (36) funcparams ::= entity *

                     {default} reduce 36

State 51:
     (38) expr ::= LPAREN expr RPAREN *

                     {default} reduce 38

----------------------------------------------------
Symbols:
    0: $:
    1: TEST_AND
    2: TEST_OR
    3: TEST_EQ
    4: TEST_NE
    5: TEST_LT
    6: TEST_LE
    7: TEST_GT
    8: TEST_GE
    9: TEST_CONTAINS
   10: TEST_MATCHES
   11: TEST_BITWISE_AND
   12: TEST_NOT
   13: FIELD
   14: STRING
   15: UNPARSED
   16: LBRACKET
   17: RBRACKET
   18: COMMA
   19: INTEGER
   20: COLON
   21: HYPHEN
   22: FUNCTION
   23: LPAREN
   24: RPAREN
   25: error:
   26: sentence: <lambda> TEST_NOT FIELD STRING UNPARSED FUNCTION LPAREN
   27: expr: TEST_NOT FIELD STRING UNPARSED FUNCTION LPAREN
   28: entity: FIELD STRING UNPARSED FUNCTION
   29: relation_test: FIELD STRING UNPARSED FUNCTION
   30: logical_test: TEST_NOT FIELD STRING UNPARSED FUNCTION LPAREN
   31: rel_op2: TEST_EQ TEST_NE TEST_LT TEST_LE TEST_GT TEST_GE TEST_CONTAINS TEST_MATCHES TEST_BITWISE_AND
   32: range: FIELD STRING
   33: drnode: INTEGER COLON
   34: drnode_list: INTEGER COLON
   35: funcparams: FIELD STRING UNPARSED FUNCTION
   36: range_body: FIELD STRING
